app/mapping/productionRelease/seeds.txt
com.sensibol.lucidmusic.singstr.gui.R$id: int up
com.sensibol.lucidmusic.singstr.gui.R$id: int tvLessonTitle
com.sensibol.lucidmusic.singstr.gui.R$drawable: int exo_controls_repeat_one
com.sensibol.lucidmusic.singstr.gui.R$layout: int fragment_tuning_and_timing
com.sensibol.lucidmusic.singstr.gui.R$layout: int abc_action_menu_layout
com.sensibol.lucidmusic.singstr.network.service.learn.GetAcademyQuestionResponse_AcademyQuestionData_Question_OptionJsonAdapter: GetAcademyQuestionResponse_AcademyQuestionData_Question_OptionJsonAdapter(com.squareup.moshi.Moshi)
com.sensibol.lucidmusic.singstr.gui.R$id: int ivPlay
com.sensibol.lucidmusic.singstr.gui.R$style: int MyTextInputLayout
com.sensibol.lucidmusic.singstr.gui.R$string: int delete_your_cover_text
com.sensibol.lucidmusic.singstr.network.service.feed.ClapCountRequestJsonAdapter: ClapCountRequestJsonAdapter(com.squareup.moshi.Moshi)
com.sensibol.lucidmusic.singstr.gui.R$string: int exo_download_removing
com.sensibol.lucidmusic.singstr.gui.R$color: int abc_primary_text_disable_only_material_dark
com.sensibol.lucidmusic.singstr.gui.app.player.VideoPlayerActivity
com.sensibol.lucidmusic.singstr.gui.R$layout: int material_clockface_textview
com.sensibol.lucidmusic.singstr.gui.R$id: int select_dialog_listview
com.sensibol.lucidmusic.singstr.gui.app.learn.academy.AcademyFragment
com.sensibol.lucidmusic.singstr.gui.R$id: int snackbar_action
com.sensibol.lucidmusic.singstr.gui.R$style: int ExoStyledControls_Button_Center
com.sensibol.lucidmusic.singstr.gui.R$id: int tvResetFilter
com.sensibol.lucidmusic.singstr.gui.R$color: int androidx_core_secondary_text_default_material_light
com.sensibol.lucidmusic.singstr.gui.R$dimen: int mtrl_large_touch_target
com.sensibol.lucidmusic.singstr.gui.app.sing.process.Hilt_CoverProcessFragment: Hilt_CoverProcessFragment()
com.sensibol.lucidmusic.singstr.gui.R$drawable: int abc_text_select_handle_left_mtrl_light
com.sensibol.lucidmusic.singstr.gui.R$color: int design_default_color_primary_dark
com.sensibol.lucidmusic.singstr.gui.R$style: int Widget_AppCompat_Light_ActionButton_CloseMode
com.sensibol.lucidmusic.singstr.gui.R$id: int slide
com.sensibol.lucidmusic.singstr.network.service.user.IsAppExpiredResponseJsonAdapter: com.squareup.moshi.JsonReader$Options options
com.sensibol.lucidmusic.singstr.gui.R$string: int mtrl_picker_text_input_date_hint
com.sensibol.lucidmusic.singstr.network.service.curriculum.SubmitExerciseScoreRequestBodyJsonAdapter: com.squareup.moshi.JsonAdapter timeInfoAdapter
com.sensibol.lucidmusic.singstr.network.service.learn.GetTeacherResponse_Data_Teacher_Attributes_DetailsJsonAdapter: GetTeacherResponse_Data_Teacher_Attributes_DetailsJsonAdapter(com.squareup.moshi.Moshi)
com.sensibol.lucidmusic.singstr.gui.R$id: int tv_app_version_label
com.sensibol.lucidmusic.singstr.gui.R$style: int TextAppearance_AppCompat_Tooltip
com.sensibol.lucidmusic.singstr.gui.R$style: int Base_TextAppearance_AppCompat_Inverse
com.sensibol.lucidmusic.singstr.gui.R$id: int tv_enhance_timing_label
com.sensibol.lucidmusic.singstr.network.service.feed.ClapCountResponseJsonAdapter
com.sensibol.lucidmusic.singstr.gui.app.learn.exercise.ExerciseResultFragment
com.sensibol.lucidmusic.singstr.gui.R$drawable: int ic_notification_subscribed
com.sensibol.lucidmusic.singstr.gui.R$layout: int notification_template_big_media_custom
com.sensibol.lucidmusic.singstr.gui.R$color: int mtrl_tabs_icon_color_selector_colored
com.sensibol.lucidmusic.singstr.gui.R$dimen: int compat_button_inset_vertical_material
com.sensibol.lucidmusic.singstr.gui.R$drawable: int common_google_signin_btn_icon_light
com.sensibol.lucidmusic.singstr.network.service.sing.GetSongResponseJsonAdapter
com.sensibol.lucidmusic.singstr.gui.R$style: int Widget_AppCompat_AutoCompleteTextView
com.sensibol.lucidmusic.singstr.gui.app.onboard.OnBoardRecommendSongViewModel
com.sensibol.lucidmusic.singstr.domain.model.SingScore
com.sensibol.lucidmusic.singstr.gui.R$color: int dark_text
...
com.google.android.material.R$attr: int spanCount
com.google.android.material.button.MaterialButton: void setIconTint(android.content.res.ColorStateList)
com.google.android.material.R$style: int Widget_MaterialComponents_MaterialCalendar_HeaderCancelButton
androidx.appcompat.R$color: int button_material_light
androidx.navigation.fragment.R$id: int tag_accessibility_pane_title
com.google.android.material.R$style: int Widget_AppCompat_ActionBar
com.google.android.material.textfield.TextInputLayout: float getBoxCornerRadiusBottomStart()
androidx.camera.view.PreviewView: androidx.camera.view.PreviewView$ImplementationMode getImplementationMode()
com.facebook.common.R$style: int TextAppearance_AppCompat_Widget_Button_Inverse
com.google.android.material.R$attr: int tint
com.google.android.material.R$color: int switch_thumb_disabled_material_dark
com.google.android.gms.internal.ads.zzenn: com.google.android.gms.internal.ads.zzent zze
com.webengage.sdk.android.p0: com.webengage.sdk.android.WebEngageConfig a
com.webengage.sdk.android.R$dimen: int browser_actions_context_menu_max_width
com.google.android.gms.base.R$string: int common_google_play_services_install_text
com.google.android.material.R$string: int material_minute_selection
com.google.android.material.R$attr: int layout_keyline
com.google.android.gms.internal.measurement.zzdk: long zzx
com.webengage.sdk.android.PushChannelConfiguration: PushChannelConfiguration(com.webengage.sdk.android.PushChannelConfiguration$Builder)
com.facebook.share.internal.LikeBoxCountView: void setCaretPosition(com.facebook.share.internal.LikeBoxCountView$LikeBoxCountViewCaretPosition)
com.google.android.gms.ads.impl.R$string: int s4
com.webengage.sdk.android.WebEngageConfig$Builder: com.webengage.sdk.android.WebEngageConfig$Builder setLocationTrackingStrategy(com.webengage.sdk.android.LocationTrackingStrategy)
com.google.android.material.R$id: int customPanel
com.google.android.gms.internal.ads.zzbib: void onResume()
com.facebook.login.widget.DeviceLoginButton: void setDeviceRedirectUri(android.net.Uri)
androidx.appcompat.R$layout: int abc_action_bar_up_container
com.facebook.login.R$styleable: int AppCompatTheme_textColorAlertDialogListItem
com.facebook.common.R$styleable: int MenuItem_numericModifiers
com.facebook.login.R$styleable: int AppCompatTheme_ratingBarStyle
com.sensibol.karaoke.engine.SensiEngine$Listener: void onSongOut()
com.google.android.material.R$dimen: int mtrl_min_touch_target_size
com.sensibol.karaoke.engine.R$string: int abc_prepend_shortcut_label
com.google.android.material.textfield.TextInputLayout: void setHintAnimationEnabled(boolean)
com.google.android.exoplayer2.ui.R$drawable: int exo_styled_controls_audiotrack
com.webengage.sdk.android.actions.database.r: void e()
com.google.android.material.R$drawable: int ic_mtrl_checked_circle
com.google.android.material.transformation.TransformationChildCard: TransformationChildCard(android.content.Context)
com.google.android.material.R$styleable: int[] Layout
androidx.constraintlayout.widget.R$styleable: int AppCompatTheme_dropdownListPreferredItemHeight
androidx.preference.R$styleable: int PreferenceImageView_maxHeight
com.google.android.exoplayer2.ui.R$dimen: int item_touch_helper_swipe_escape_max_velocity
com.facebook.common.R$styleable: int[] AppCompatTextHelper
com.google.android.material.R$styleable: int SwitchCompat_android_thumb
com.google.android.gms.internal.ads.zzxc: int zze
com.google.android.exoplayer2.ui.R$style: int ExoStyledControls_Button_Center_Previous
com.webengage.sdk.android.actions.render.g
com.facebook.login.R$styleable: int RecycleListView_paddingBottomNoButtons
androidx.camera.view.R$styleable: int[] ActionMenuItemView
com.sensibol.karaoke.engine.R$id: int search_button
com.sensibol.karaoke.engine.R$string: int delay_slider
androidx.appcompat.app.AlertController$RecycleListView: void setHasDecor(boolean,boolean)
com.facebook.login.R$style: int Base_Theme_AppCompat_Light